venv: /home/niflheim/s183774/venv/bin/activate
1  out of  31
(1, 1)
2  out of  31
(1, 1)
3  out of  31
(1, 1)
4  out of  31
(1, 1)
5  out of  31
(1, 1)
6  out of  31
(1, 1)
7  out of  31
(1, 1)
8  out of  31
(1, 1)
9  out of  31
(1, 1)
10  out of  31
(1, 1)
11  out of  31
(1, 1)
12  out of  31
(1, 1)
13  out of  31
(1, 1)
14  out of  31
(1, 1)
15  out of  31
(1, 1)
16  out of  31
(1, 1)
17  out of  31
(1, 1)
18  out of  31
(1, 1)
19  out of  31
(1, 1)
20  out of  31
(1, 1)
21  out of  31
(1, 1)
22  out of  31
(1, 1)
23  out of  31
(1, 1)
24  out of  31
(1, 1)
25  out of  31
(1, 1)
26  out of  31
(1, 1)
27  out of  31
(1, 1)
28  out of  31
(1, 1)
29  out of  31
(1, 1)
30  out of  31
(1, 1)
31  out of  31
(1, 1)
1  out of  31
2  out of  31
3  out of  31
4  out of  31
5  out of  31
6  out of  31
7  out of  31
8  out of  31
9  out of  31
10  out of  31
11  out of  31
12  out of  31
13  out of  31
14  out of  31
15  out of  31
16  out of  31
17  out of  31
18  out of  31
19  out of  31
20  out of  31
21  out of  31
22  out of  31
23  out of  31
24  out of  31
25  out of  31
26  out of  31
27  out of  31
28  out of  31
29  out of  31
30  out of  31
31  out of  31
Oh
Oh
Oh
Oh
Oh
Oh
Oh
Oh
Oh
Oh
Oh
Oh
Oh
Oh
Oh
Oh
Oh
Oh
Oh
Oh
Oh
Oh
Oh
Oh
Oh 24 0.25118864315095923
Oh 25 0.31622776601683955
Oh 26 0.39810717055349937
Oh 27 0.501187233627275
Oh 28 0.6309573444801969
1  out of  31
(1, 1)
2  out of  31
(1, 1)
3  out of  31
(1, 1)
4  out of  31
(1, 1)
5  out of  31
(1, 1)
6  out of  31
(1, 1)
7  out of  31
(1, 1)
8  out of  31
(1, 1)
9  out of  31
(1, 1)
10  out of  31
(1, 1)
11  out of  31
(1, 1)
12  out of  31
(1, 1)
13  out of  31
(1, 1)
14  out of  31
(1, 1)
15  out of  31
(1, 1)
16  out of  31
(1, 1)
17  out of  31
(1, 1)
18  out of  31
(1, 1)
19  out of  31
(1, 1)
20  out of  31
(1, 1)
21  out of  31
(1, 1)
22  out of  31
(1, 1)
23  out of  31
(1, 1)
24  out of  31
(1, 1)
25  out of  31
(1, 1)
26  out of  31
(1, 1)
27  out of  31
(1, 1)
28  out of  31
(1, 1)
29  out of  31
(1, 1)
30  out of  31
(1, 1)
31  out of  31
(1, 1)
1  out of  31
2  out of  31
3  out of  31
4  out of  31
5  out of  31
6  out of  31
7  out of  31
8  out of  31
9  out of  31
10  out of  31
11  out of  31
12  out of  31
13  out of  31
14  out of  31
15  out of  31
16  out of  31
17  out of  31
18  out of  31
19  out of  31
20  out of  31
21  out of  31
22  out of  31
23  out of  31
24  out of  31
25  out of  31
26  out of  31
27  out of  31
28  out of  31
29  out of  31
30  out of  31
31  out of  31
Oh 0 0.001
Oh 1 0.0012589254117941675
Oh 2 0.001584893192461114
Oh 3 0.0019952623149688807
Oh 4 0.002511886431509582
Oh 5 0.0031622776601683824
Oh 6 0.003981071705534978
Oh 7 0.00501187233627273
Oh 8 0.006309573444801942
Oh 9 0.00794328234724283
Oh 10 0.010000000000000021
Oh 11 0.012589254117941701
Oh 12 0.015848931924611172
Oh 13 0.01995262314968885
Oh 14 0.025118864315095874
Oh 15 0.03162277660168389
Oh 16 0.03981071705534985
Oh 17 0.0501187233627274
Oh 18 0.06309573444801955
Oh 19 0.07943282347242846
Oh 20 0.10000000000000041
Oh 21 0.12589254117941726
Oh 22 0.15848931924611206
Oh 23 0.1995262314968889
Oh 24 0.25118864315095923
Oh 25 0.31622776601683955
Oh 26 0.39810717055349937
1  out of  31
(1, 1)
2  out of  31
(1, 1)
3  out of  31
(1, 1)
4  out of  31
(1, 1)
5  out of  31
(1, 1)
6  out of  31
(1, 1)
7  out of  31
(1, 1)
8  out of  31
(1, 1)
9  out of  31
(1, 1)
10  out of  31
(1, 1)
11  out of  31
(1, 1)
12  out of  31
(1, 1)
13  out of  31
(1, 1)
14  out of  31
(1, 1)
15  out of  31
(1, 1)
16  out of  31
(1, 1)
17  out of  31
(1, 1)
18  out of  31
(1, 1)
19  out of  31
(1, 1)
20  out of  31
(1, 1)
21  out of  31
(1, 1)
22  out of  31
(1, 1)
23  out of  31
(1, 1)
24  out of  31
(1, 1)
25  out of  31
(1, 1)
26  out of  31
(1, 1)
27  out of  31
(1, 1)
28  out of  31
(1, 1)
29  out of  31
(1, 1)
30  out of  31
(1, 1)
31  out of  31
(1, 1)
1  out of  31
2  out of  31
3  out of  31
4  out of  31
5  out of  31
6  out of  31
7  out of  31
8  out of  31
9  out of  31
10  out of  31
11  out of  31
12  out of  31
13  out of  31
14  out of  31
15  out of  31
16  out of  31
17  out of  31
18  out of  31
19  out of  31
20  out of  31
21  out of  31
22  out of  31
23  out of  31
24  out of  31
25  out of  31
26  out of  31
27  out of  31
28  out of  31
29  out of  31
30  out of  31
31  out of  31
1  out of  31
(1, 1)
2  out of  31
(1, 1)
3  out of  31
(1, 1)
4  out of  31
(1, 1)
5  out of  31
(1, 1)
6  out of  31
(1, 1)
7  out of  31
(1, 1)
8  out of  31
(1, 1)
9  out of  31
(1, 1)
10  out of  31
(1, 1)
11  out of  31
(1, 1)
12  out of  31
(1, 1)
13  out of  31
(1, 1)
14  out of  31
(1, 1)
15  out of  31
(1, 1)
16  out of  31
(1, 1)
17  out of  31
(1, 1)
18  out of  31
(1, 1)
19  out of  31
(1, 1)
20  out of  31
(1, 1)
21  out of  31
(1, 1)
22  out of  31
(1, 1)
23  out of  31
(1, 1)
24  out of  31
(1, 1)
25  out of  31
(1, 1)
26  out of  31
(1, 1)
27  out of  31
(1, 1)
28  out of  31
(1, 1)
29  out of  31
(1, 1)
30  out of  31
(1, 1)
31  out of  31
(1, 1)
1  out of  31
2  out of  31
3  out of  31
4  out of  31
5  out of  31
6  out of  31
7  out of  31
8  out of  31
9  out of  31
10  out of  31
11  out of  31
12  out of  31
13  out of  31
14  out of  31
15  out of  31
16  out of  31
17  out of  31
18  out of  31
19  out of  31
20  out of  31
21  out of  31
22  out of  31
23  out of  31
24  out of  31
25  out of  31
26  out of  31
27  out of  31
28  out of  31
29  out of  31
30  out of  31
31  out of  31
